
Start-Date: 2023-01-02  21:59:10
Commandline: apt upgrade
Requested-By: etudiant (1000)
Upgrade: libcommons-net-java:amd64 (3.6-1, 3.6-1+deb11u1), gir1.2-javascriptcoregtk-4.0:amd64 (2.38.2-1~deb11u1, 2.38.3-1~deb11u1), gir1.2-webkit2-4.0:amd64 (2.38.2-1~deb11u1, 2.38.3-1~deb11u1), libjavascriptcoregtk-4.0-18:amd64 (2.38.2-1~deb11u1, 2.38.3-1~deb11u1), libwebkit2gtk-4.0-37:amd64 (2.38.2-1~deb11u1, 2.38.3-1~deb11u1)
End-Date: 2023-01-02  21:59:15

Start-Date: 2023-01-05  16:57:20
Commandline: apt upgrade
Requested-By: etudiant (1000)
Upgrade: opera-stable:amd64 (94.0.4606.38, 94.0.4606.54)
End-Date: 2023-01-05  16:57:32

Start-Date: 2023-01-09  14:37:28
Commandline: apt upgrade
Requested-By: etudiant (1000)
Upgrade: liblibreoffice-java:amd64 (1:7.0.4-4+deb11u4, 1:7.0.4-4+deb11u5), libreoffice-calc:amd64 (1:7.0.4-4+deb11u4, 1:7.0.4-4+deb11u5), libreoffice-sdbc-postgresql:amd64 (1:7.0.4-4+deb11u4, 1:7.0.4-4+deb11u5), libreoffice-gnome:amd64 (1:7.0.4-4+deb11u4, 1:7.0.4-4+deb11u5), uno-libs-private:amd64 (1:7.0.4-4+deb11u4, 1:7.0.4-4+deb11u5), libreoffice-base-core:amd64 (1:7.0.4-4+deb11u4, 1:7.0.4-4+deb11u5), libreoffice-core:amd64 (1:7.0.4-4+deb11u4, 1:7.0.4-4+deb11u5), libjurt-java:amd64 (1:7.0.4-4+deb11u4, 1:7.0.4-4+deb11u5), gir1.2-lokdocview-0.1:amd64 (1:7.0.4-4+deb11u4, 1:7.0.4-4+deb11u5), libridl-java:amd64 (1:7.0.4-4+deb11u4, 1:7.0.4-4+deb11u5), libreoffice-common:amd64 (1:7.0.4-4+deb11u4, 1:7.0.4-4+deb11u5), libreoffice-report-builder-bin:amd64 (1:7.0.4-4+deb11u4, 1:7.0.4-4+deb11u5), ure:amd64 (1:7.0.4-4+deb11u4, 1:7.0.4-4+deb11u5), liblibreofficekitgtk:amd64 (1:7.0.4-4+deb11u4, 1:7.0.4-4+deb11u5), libreoffice-draw:amd64 (1:7.0.4-4+deb11u4, 1:7.0.4-4+deb11u5), libuno-purpenvhelpergcc3-3:amd64 (1:7.0.4-4+deb11u4, 1:7.0.4-4+deb11u5), libuno-cppu3:amd64 (1:7.0.4-4+deb11u4, 1:7.0.4-4+deb11u5), libreoffice-impress:amd64 (1:7.0.4-4+deb11u4, 1:7.0.4-4+deb11u5), libreoffice-l10n-fr:amd64 (1:7.0.4-4+deb11u4, 1:7.0.4-4+deb11u5), libuno-cppuhelpergcc3-3:amd64 (1:7.0.4-4+deb11u4, 1:7.0.4-4+deb11u5), fonts-opensymbol:amd64 (2:102.11+LibO7.0.4-4+deb11u4, 2:102.11+LibO7.0.4-4+deb11u5), libunoloader-java:amd64 (1:7.0.4-4+deb11u4, 1:7.0.4-4+deb11u5), libreoffice-style-colibre:amd64 (1:7.0.4-4+deb11u4, 1:7.0.4-4+deb11u5), libreoffice-writer:amd64 (1:7.0.4-4+deb11u4, 1:7.0.4-4+deb11u5), libuno-salhelpergcc3-3:amd64 (1:7.0.4-4+deb11u4, 1:7.0.4-4+deb11u5), libreoffice-base-drivers:amd64 (1:7.0.4-4+deb11u4, 1:7.0.4-4+deb11u5), libreoffice-help-fr:amd64 (1:7.0.4-4+deb11u4, 1:7.0.4-4+deb11u5), libreoffice-sdbc-firebird:amd64 (1:7.0.4-4+deb11u4, 1:7.0.4-4+deb11u5), libreoffice-sdbc-hsqldb:amd64 (1:7.0.4-4+deb11u4, 1:7.0.4-4+deb11u5), libreoffice-help-common:amd64 (1:7.0.4-4+deb11u4, 1:7.0.4-4+deb11u5), python3-uno:amd64 (1:7.0.4-4+deb11u4, 1:7.0.4-4+deb11u5), libreofficekit-data:amd64 (1:7.0.4-4+deb11u4, 1:7.0.4-4+deb11u5), libuno-sal3:amd64 (1:7.0.4-4+deb11u4, 1:7.0.4-4+deb11u5), libreoffice-base:amd64 (1:7.0.4-4+deb11u4, 1:7.0.4-4+deb11u5), libreoffice-math:amd64 (1:7.0.4-4+deb11u4, 1:7.0.4-4+deb11u5), libreoffice-gtk3:amd64 (1:7.0.4-4+deb11u4, 1:7.0.4-4+deb11u5), libreoffice-java-common:amd64 (1:7.0.4-4+deb11u4, 1:7.0.4-4+deb11u5), libreoffice-help-en-us:amd64 (1:7.0.4-4+deb11u4, 1:7.0.4-4+deb11u5), libunoil-java:amd64 (1:7.0.4-4+deb11u4, 1:7.0.4-4+deb11u5), libreoffice-style-elementary:amd64 (1:7.0.4-4+deb11u4, 1:7.0.4-4+deb11u5), libjuh-java:amd64 (1:7.0.4-4+deb11u4, 1:7.0.4-4+deb11u5), libreoffice-qt5:amd64 (1:7.0.4-4+deb11u4, 1:7.0.4-4+deb11u5), libreoffice-report-builder:amd64 (1:7.0.4-4+deb11u4, 1:7.0.4-4+deb11u5)
End-Date: 2023-01-09  14:38:10

Start-Date: 2023-01-11  09:29:14
Commandline: apt upgrade
Requested-By: etudiant (1000)
Upgrade: libhsqldb-java:amd64 (2.5.1-1, 2.5.1-1+deb11u1), google-chrome-stable:amd64 (108.0.5359.124-1, 109.0.5414.74-1), code:amd64 (1.74.2-1671533413, 1.74.3-1673284829)
End-Date: 2023-01-11  09:29:43

Start-Date: 2023-01-12  09:20:33
Commandline: apt upgrade
Requested-By: etudiant (1000)
Upgrade: emacs:amd64 (1:27.1+1-3.1, 1:27.1+1-3.1+deb11u1), emacs-gtk:amd64 (1:27.1+1-3.1, 1:27.1+1-3.1+deb11u1), emacs-el:amd64 (1:27.1+1-3.1, 1:27.1+1-3.1+deb11u1), emacs-common:amd64 (1:27.1+1-3.1, 1:27.1+1-3.1+deb11u1), emacs-bin-common:amd64 (1:27.1+1-3.1, 1:27.1+1-3.1+deb11u1)
End-Date: 2023-01-12  09:20:50

Start-Date: 2023-01-13  09:31:54
Commandline: packagekit role='install-files'
Requested-By: etudiant (1000)
Upgrade: discord:amd64 (0.0.22, 0.0.23)
End-Date: 2023-01-13  09:31:58

Start-Date: 2023-01-15  15:01:35
Commandline: packagekit role='install-files'
Requested-By: etudiant (1000)
Upgrade: discord:amd64 (0.0.23, 0.0.24)
End-Date: 2023-01-15  15:01:39

Start-Date: 2023-01-16  11:48:28
Commandline: apt upgrade
Requested-By: etudiant (1000)
Upgrade: opera-stable:amd64 (94.0.4606.54, 94.0.4606.65)
End-Date: 2023-01-16  11:48:40

Start-Date: 2023-01-17  09:15:05
Commandline: apt upgrade
Requested-By: etudiant (1000)
Upgrade: tor:amd64 (0.4.5.10-1~deb11u1, 0.4.5.16-1), tor-geoipdb:amd64 (0.4.5.10-1~deb11u1, 0.4.5.16-1)
End-Date: 2023-01-17  09:15:13

Start-Date: 2023-01-19  13:48:49
Commandline: apt upgrade
Requested-By: etudiant (1000)
Upgrade: firefox-esr-l10n-fr:amd64 (102.6.0esr-1~deb11u1, 102.7.0esr-1~deb11u1), sudo:amd64 (1.9.5p2-3, 1.9.5p2-3+deb11u1), firefox-esr:amd64 (102.6.0esr-1~deb11u1, 102.7.0esr-1~deb11u1)
End-Date: 2023-01-19  13:49:03

Start-Date: 2023-01-20  09:33:00
Commandline: apt upgrade
Requested-By: etudiant (1000)
Upgrade: opera-stable:amd64 (94.0.4606.65, 94.0.4606.76)
End-Date: 2023-01-20  09:33:13

Start-Date: 2023-01-24  14:50:46
Commandline: apt upgrade
Requested-By: etudiant (1000)
Install: linux-headers-5.10.0-21-amd64:amd64 (5.10.162-1, automatic), linux-image-5.10.0-21-amd64:amd64 (5.10.162-1, automatic), linux-headers-5.10.0-21-common:amd64 (5.10.162-1, automatic)
Upgrade: linux-kbuild-5.10:amd64 (5.10.158-2, 5.10.162-1), linux-compiler-gcc-10-x86:amd64 (5.10.158-2, 5.10.162-1), linux-headers-amd64:amd64 (5.10.158-2, 5.10.162-1), linux-image-amd64:amd64 (5.10.158-2, 5.10.162-1), linux-libc-dev:amd64 (5.10.158-2, 5.10.162-1)
End-Date: 2023-01-24  14:51:43

Start-Date: 2023-01-25  09:08:05
Commandline: /usr/bin/unattended-upgrade
Remove: linux-headers-5.10.0-19-amd64:amd64 (5.10.149-2)
End-Date: 2023-01-25  09:08:07

Start-Date: 2023-01-25  09:08:10
Commandline: /usr/bin/unattended-upgrade
Remove: linux-image-5.10.0-19-amd64:amd64 (5.10.149-2)
End-Date: 2023-01-25  09:08:38

Start-Date: 2023-01-25  09:08:40
Commandline: /usr/bin/unattended-upgrade
Remove: linux-headers-5.10.0-19-common:amd64 (5.10.149-2)
End-Date: 2023-01-25  09:08:42

Start-Date: 2023-01-25  09:42:07
Commandline: apt upgrade
Requested-By: etudiant (1000)
Upgrade: google-chrome-stable:amd64 (109.0.5414.74-1, 109.0.5414.119-1), libnode72:amd64 (12.22.12~dfsg-1~deb11u1, 12.22.12~dfsg-1~deb11u3), nodejs:amd64 (12.22.12~dfsg-1~deb11u1, 12.22.12~dfsg-1~deb11u3), nodejs-doc:amd64 (12.22.12~dfsg-1~deb11u1, 12.22.12~dfsg-1~deb11u3)
End-Date: 2023-01-25  09:42:22
